06:05:2023 11/32/50 PM : ERROR : *****Test title Admin Page is failed*****
06:05:2023 11/32/50 PM : ERROR : Dashboard / nopCommerce administration != 1Dashboard / nopCommerce administration
06:05:2023 11/45/50 PM : ERROR : *****Test title Admin Page is failed*****
06:05:2023 11/45/50 PM : ERROR : Dashboard / nopCommerce administration != 1Dashboard / nopCommerce administration
2023/05/07 20:30:16 - kkrtotrkhorkohktoprkoty
2023/05/07 20:32:25 - kkrtotrkhorkohktoprkoty
07:05:2023 08/46/16 PM : ERROR : *****Test title Admin Page is failed*****
07:05:2023 08/46/16 PM : ERROR : Dashboard / nopCommerce administration != 1Dashboard / nopCommerce administration
07:05:2023 08/47/38 PM : ERROR : *****Test title Admin Page is failed*****
07:05:2023 08/47/38 PM : ERROR : Dashboard / nopCommerce administration != 1Dashboard / nopCommerce administration
09:05:2023 11/27/24 PM : ERROR : *****Test title Admin Page is failed*****
09:05:2023 11/27/24 PM : ERROR : Dashboard / nopCommerce administration != 1Dashboard / nopCommerce administration
10:05:2023 07/22/15 PM : ERROR : Test login to admin page is failed
10:05:2023 07/22/15 PM : ERROR : Test login to admin page is failed
10:05:2023 07/22/25 PM : ERROR : Test login to admin page is failed
10:05:2023 07/22/46 PM : ERROR : Test login to admin page is failed
10:05:2023 07/33/32 PM : ERROR : Test login to admin page is failed
10:05:2023 07/33/33 PM : ERROR : Test login to admin page is failed
10:05:2023 07/33/33 PM : ERROR : Test login to admin page is failed
15:05:2023 01/42/59 PM : ERROR : *****TEST title Login Page is failed*****
15:05:2023 01/42/59 PM : ERROR : HTTP Error 500.30 - ASP.NET Core app failed to start != Your store. Login
